<?xml version="1.0" encoding="UTF-8"?>
<!-- Generated by org.testng.reporters.JUnitXMLReporter -->
<testsuite hostname="Syed" failures="1" tests="4" name="Personal Loan" time="0.198" errors="0" timestamp="16 Mar 2020 20:03:38 GMT">
  <testcase classname="test.Day1" name="Demo" time="0.035"/>
  <testcase classname="test.Day4" name="LoginAPIHomeloan" time="0.007"/>
  <testcase classname="test.Day4" name="MobileLoginHomeloan" time="0.006"/>
  <testcase classname="test.Day4" name="WebloginHomeloan" time="0.015">
    <failure type="java.lang.AssertionError" message="expected [Smith123] but found [Smith]">
      <![CDATA[java.lang.AssertionError: expected [Smith123] but found [Smith]
	at test.Day4.WebloginHomeloan(Day4.java:13)
... Removed 31 stack frames]]>
    </failure>
  </testcase> <!-- WebloginHomeloan -->
</testsuite> <!-- Personal Loan -->
