<?xml version="1.0" encoding="UTF-8"?>
<!-- Generated by org.testng.reporters.JUnitXMLReporter -->
<testsuite hostname="Syed" failures="1" tests="1" name="Default test(failed)(failed)" time="0.126" errors="0" timestamp="16 Mar 2020 20:03:10 GMT">
  <testcase classname="test.Day4" name="WebloginHomeloan" time="0.044">
    <failure type="java.lang.AssertionError" message="expected [Smith123] but found [Smith]">
      <![CDATA[java.lang.AssertionError: expected [Smith123] but found [Smith]
	at test.Day4.WebloginHomeloan(Day4.java:13)
... Removed 31 stack frames]]>
    </failure>
  </testcase> <!-- WebloginHomeloan -->
</testsuite> <!-- Default test(failed)(failed) -->
